<?xml version="1.0" encoding="UTF-8"?>
<testsuite name="us.dit.fs.gestordocumental.TestPlantillaWord" tests="2" skipped="0" failures="0" errors="0" timestamp="2025-05-25T19:33:39" hostname="DESKTOP-N5QQFRL" time="0.119">
  <properties/>
  <testcase name="whenParsingOutputDocument_thenCorrect()" classname="us.dit.fs.gestordocumental.TestPlantillaWord" time="0.101"/>
  <testcase name="whenSubtitleHasCorrectFontSize_thenPass()" classname="us.dit.fs.gestordocumental.TestPlantillaWord" time="0.017"/>
  <system-out><![CDATA[]]></system-out>
  <system-err><![CDATA[]]></system-err>
</testsuite>
